1, 1266933166
2, 1266933174
3, 1266933182
4, 1266933190
5, 1266933204
6, 1266933212
7, 1266933220
8, 1266933239
9, 1266933247
10, 1266933255
11, 1266933263
12, 1266933271
13, 126693328X
14, 1266933298
15, 1266933301
16, 126693331X
17, 1266933328
18, 1266933336
19, 1266933344
20, 1266933352
21, 1266933360
22, 1266933379
23, 1266933387
24, 1266933395
25, 1266933409
26, 1266933417
27, 1266933425
28, 1266933433
29, 126693345X
30, 1266933468
31, 1266933476
32, 1266933484
33, 1266933492
34, 1266933506
35, 1266933514
36, 1266933522
37, 1266933530
38, 1266933549
39, 1266933557
40, 1266933565
41, 1266933573
42, 1266933581
43, 126693359X
44, 1266933603
45, 1266933611
46, 126693362X
47, 1266933638
48, 1266933646
49, 1266933654
50, 1266933662
51, 1266933670
52, 1266933689
53, 1266933697
54, 1266933700
55, 1266933719
56, 1266933727
57, 1266933735
58, 1266933743
59, 1266933751
60, 126693376X
61, 1266933778
62, 1266933786
63, 1266933794
64, 1266933808
65, 1266933816
66, 1266933824
67, 1266933832
68, 1266933840
69, 1266933859
70, 1266933867
71, 1266933875
72, 1266933883
73, 1266933891
74, 1266933905
75, 1266933913
76, 1266933921
77, 126693393X
78, 1266933948
79, 1266933956
80, 1266933964
81, 1266933972
82, 1266933980
83, 1266933999
84, 1266934006
85, 1266934014
86, 1266934022
87, 1266934030
88, 1266934049
89, 1266934057
90, 1266934065
91, 1266934073
92, 1266934081
93, 126693409X
94, 1266934103
95, 1266934111
96, 126693412X
97, 1266934138
98, 1266934146
99, 1266934154
100, 1266934162
101, 1266934189
102, 1266934197
103, 1266934200
104, 1266934219
105, 1266934227
106, 1266934235
107, 1266934243
108, 1266934251
109, 126693426X
110, 1266934278
111, 1266934286
112, 1266934294
113, 1266934308
114, 1266934316
115, 1266934324
116, 1266934332
117, 1266934340
118, 1266934359
119, 1266934367
120, 1266934375
121, 1266934383
122, 1266934391
123, 1266934405
124, 1266934413
125, 1266934421
126, 126693443X
127, 1266934448
128, 1266934456
129, 1266934464
130, 1266934472
131, 1266934480
132, 1266934499
133, 1266934502
134, 1266934510
135, 1266934529
136, 1266934537
137, 1266934545
138, 1266934553
139, 1266934561
140, 126693457X
141, 1266934588
142, 1266934596
143, 126693460X
144, 1266934618
145, 1266934626
146, 1266934634
147, 1266934642
148, 1266934650
149, 1266934669
150, 1266934677
151, 1266934685
152, 1266934693
153, 1266934707
154, 1266934715
155, 1266934723
156, 1266934731
157, 126693474X
158, 1266934758
159, 1266934766
160, 1266934774
161, 1266934782
162, 1266934790
163, 1266934804
164, 1266934812
165, 1266934820
166, 1266934839
167, 1266934847
168, 1266934855
169, 1266934863
170, 1266934871
171, 126693488X
172, 1266934901
173, 126693491X
174, 1266934928
175, 1266934936
176, 1266934944
177, 1266934952
178, 1266934960
179, 1266934979
180, 1266934987
181, 1266934995
182, 1266935002
183, 1266935010
184, 1266935029
185, 1266935037
186, 1266935045
187, 1266935053
188, 1266935061
189, 126693507X
190, 1266935096
191, 126693510X
192, 1266935118
193, 1266935126
194, 1266935134
195, 1266935142
196, 1266935150
197, 1266935169
198, 1266935177
199, 1266935185
200, 1266935193
201, 1266935207
202, 1266935215
203, 1266935223
204, 1266935231
205, 126693524X
206, 1266935258
207, 1266935266
208, 1266935274
209, 1266935282
210, 1266935290
211, 1266935304
212, 1266935312
213, 1266935320
214, 1266935339
215, 1266935347
216, 1266935355
217, 1266935363
218, 1266935371
219, 126693538X
220, 1266935398
221, 1266935401
222, 126693541X
223, 1266935428
224, 1266935436
225, 1266935444
226, 1266935452
227, 1266935460
228, 1266935479
229, 1266935487
230, 1266935495
231, 1266935509
232, 1266935517
233, 1266935525
234, 1266935533
235, 1266935541
236, 126693555X
237, 1266935568
238, 1266935576
239, 1266935584
240, 1266935592
241, 1266935606
242, 1266935614
243, 1266935622
244, 1266935630
245, 1266935657
246, 1266935665
247, 1266935673
248, 1266935681
249, 126693569X
250, 1266935703
251, 1266935711
252, 126693572X
253, 1266935738
254, 1266935746
255, 1266935754
256, 1266935762
257, 1266935770
258, 1266935789
259, 1266935797
260, 1266935800
261, 1266935819
262, 1266935827
263, 1266935835
264, 1266935843
265, 1266935851
266, 126693586X
267, 1266935878
268, 1266935886
269, 1266935894
270, 1266935908
271, 1266935916
272, 1266935924
273, 1266935932
274, 1266935940
275, 1266935959
276, 1266935967
277, 1266935975
278, 1266935983
279, 1266935991
280, 1266936009
281, 1266936017
282, 1266936025
283, 1266936033
284, 1266936041
285, 126693605X
286, 1266936068
287, 1266936076
288, 1266936084
289, 1266936092
290, 1266936106
291, 1266936114
292, 1266936122
293, 1266936130
294, 1266936149
295, 1266936157
296, 1266936165
297, 1266936173
298, 1266936181
299, 126693619X
300, 1266936203
301, 1266936211
302, 126693622X
303, 1266936238
304, 1266936246
305, 1266936254
306, 1266936262
307, 1266936270
308, 1266936289
309, 1266936297
310, 1266936300
311, 1266936319
312, 1266936327
313, 1266936335
314, 1266936343
315, 1266936351
316, 126693636X
317, 1266936378
318, 1266936386
319, 1266936394
320, 1266936408
321, 1266936416
322, 1266936424
323, 1266936432
324, 1266936440
325, 1266936459
326, 1266936467
327, 1266936475
328, 1266936483
329, 1266936491
330, 1266936505
331, 1266936513
332, 1266936521
333, 126693653X
334, 1266936548
335, 1266936556
336, 1266936564
337, 1266936580
338, 1266936599
339, 1266936602
340, 1266936610
341, 1266936629
342, 1266936637
343, 1266936653
344, 1266936661
345, 126693667X
346, 1266936688
347, 1266936696
348, 126693670X
349, 1266936718
350, 1266936726
351, 1266936734
352, 1266936742
353, 1266936750
354, 1266936769
355, 1266936777
356, 1266936785
357, 1266936793
358, 1266936807
359, 1266936815
360, 1266936823
361, 1266936831
362, 126693684X
363, 1266936858
364, 1266936866
365, 1266936874
366, 1266936882
367, 1266936890
368, 1266936904
369, 1266936912
370, 1266936920
371, 1266936939
372, 1266936947
373, 1266936955
374, 1266936963
375, 1266936971
376, 126693698X
377, 1266936998
378, 1266937005
379, 1266937013
380, 126693703X
381, 1266937048
382, 1266937056
383, 1266937064
384, 1266937072
385, 1266937080
386, 1266937099
387, 1266937102
388, 1266937110
389, 1266937129
390, 1266937137
391, 1266937145
392, 1266937153
393, 1266937161
394, 126693717X
395, 1266937188
396, 1266937196
397, 126693720X
398, 1266937226
399, 1266937234
400, 1266937242
401, 1266937250
402, 1266937269
403, 1266937277
404, 1266937285
405, 1266937293
406, 1266937307
407, 1266937315
408, 1266937323
409, 1266937331
410, 126693734X
411, 1266937358
412, 1266937366
413, 1266937374
414, 1266937390
415, 1266937404
416, 1266937412
417, 1266937420
418, 1266937439
419, 1266937447
420, 1266937455
421, 1266937463
422, 1266937471
423, 126693748X
424, 1266937498
425, 1266937501
426, 126693751X
427, 1266937528
428, 1266937536
429, 1266937544
430, 1266937552
431, 1266937560
432, 1266937579
433, 1266937587
434, 1266937595
435, 1266937609
436, 1266937617
437, 1266937625
438, 1266937633
439, 1266937641
440, 126693765X
441, 1266937668
442, 1266937676
443, 1266937684
444, 1266937692
445, 1266937706
446, 1266937714
447, 1266937722
448, 1266937730
449, 1266937749
450, 1266937757
451, 1266937765
452, 1266937773
453, 1266937781
454, 126693779X
455, 1266937803
456, 1266937811
457, 126693782X
458, 1266937838
459, 1266937846
460, 1266937854
461, 1266937862
462, 1266937870
463, 1266937889
464, 1266937897
465, 1266937900
466, 1266937919
467, 1266937927
468, 1266937935
469, 1266937943
470, 1266937951
471, 126693796X
472, 1266937978
473, 1266937994
474, 1266938001
475, 126693801X
476, 1266938028
477, 1266938036
478, 1266938044
479, 1266938052
480, 1266938060
481, 1266938079
482, 1266938087
483, 1266938095
484, 1266938109
485, 1266938125
486, 1266938133
487, 1266938141
488, 126693815X
489, 1266938168
490, 1266938176
491, 1266938184
492, 1266938192
493, 1266938206
494, 1266938214
495, 1266938222
496, 1266938230
497, 1266938249
498, 1266938257
499, 1266938265
500, 1266938273
501, 1266938281
502, 126693829X
503, 1266938303
504, 1266938311
505, 126693832X
506, 1266938338
507, 1266938346
508, 1266938354
509, 1266938362
510, 1266938370
511, 1266938389
512, 1266938397
513, 1266938400
514, 1266938419
515, 1266938427
516, 1266938435
517, 1266938443
518, 1266938451
519, 126693846X
520, 1266938478
521, 1266938486
522, 1266938494
523, 1266938508
524, 1266938516
525, 1266938524
526, 1266938532
527, 1266938540
528, 1266938559
529, 1266938567
530, 1266938575
531, 1266938583
532, 1266938591
533, 1266938605
534, 1266938613
535, 1266938621
536, 126693863X
537, 1266938648
538, 1266938656
539, 1266938664
540, 1266938672
541, 1266938680
542, 1266938699
543, 1266938702
544, 1266938710
545, 1266938729
546, 1266938737
547, 1266938745
548, 1266938753
549, 1266938761
550, 126693877X
551, 1266938788
552, 1266938796
553, 126693880X
554, 1266938818
555, 1266938826
556, 1266938842
557, 1266938850
558, 1266938869
559, 1266938877
560, 1266938885
561, 1266938893
562, 1266938907
563, 1266938915
564, 1266938923
565, 1266938931
566, 126693894X
567, 1266938958
568, 1266938966
569, 1266938974
570, 1266938982
571, 1266938990
572, 1266939008
573, 1266939016
574, 1266939024
575, 1266939032
576, 1266939040
577, 1266939059
578, 1266939067
579, 1266939075
580, 1266939083
581, 1266939091
582, 1266939105
583, 1266939113
584, 1266939121
585, 126693913X
586, 1266939148
587, 1266939156
588, 1266939164
589, 1266939172
590, 1266939180
591, 1266939199
592, 1266939202
593, 1266939210
594, 1266939229
595, 1266939237
596, 1266939245
597, 1266939253
598, 1266939261
599, 126693927X
600, 1266939288
601, 1266939296
602, 1266939318
603, 1266939326
604, 1266939334
605, 1266939342
606, 1266939350
607, 1266939369
608, 1266939377
609, 1266939385
610, 1266939393
611, 1266939407
612, 1266939415
613, 1266939423
614, 1266939431
615, 126693944X
616, 1266939458
617, 1266939474
618, 1266939482
619, 1266939490
620, 1266939504
621, 1266939512
622, 1266939520
623, 1266939539
624, 1266939547
625, 1266939555
626, 1266939563
627, 1266939571
628, 126693958X
629, 1266939598
630, 1266939601
631, 126693961X
632, 1266939628
633, 1266939636
634, 1266939644
635, 1266939652
636, 1266939660
637, 1266939679
638, 1266939687
639, 1266939695
640, 1266939709
641, 1266939717
642, 1266939725
643, 1266939733
644, 1266939741
645, 126693975X
646, 1266939768
647, 1266939776
648, 1266939784
649, 1266939792
650, 1266939806
651, 1266939814
652, 1266939822
653, 1266939830
654, 1266939849
655, 1266939857
656, 1266939865
657, 1266939873
658, 1266939881
659, 1266939903
660, 1266939911
661, 126693992X
662, 1266939938
663, 1266939946
664, 1266939954
665, 1266939962
666, 1266939970
667, 1266939989
668, 1266939997
669, 1266940006
670, 1266940014
671, 1266940022
672, 1266940049
673, 1266940057
674, 1266940065
675, 1266940073
676, 1266940081
677, 126694009X
678, 1266940103
679, 1266940111
680, 126694012X
681, 1266940138
682, 1266940146
683, 1266940154
684, 1266940162
685, 1266940170
686, 1266940189
687, 1266940197
688, 1266940200
689, 1266940219
690, 1266940227
691, 1266940235
692, 1266940243
693, 1266940251
694, 126694026X
695, 1266940278
696, 1266940286
697, 1266940294
698, 1266940308
699, 1266940316
700, 1266940324
701, 1266940332
702, 1266940340
703, 1266940359
704, 1266940367
705, 1266940375
706, 1266940383
707, 1266940391
708, 1266940405
709, 1266940413
710, 1266940421
711, 126694043X
712, 1266940448
713, 1266940456
714, 1266940464
715, 1266940472
716, 1266940480
717, 1266940499
718, 1266940502
719, 1266940510
720, 1266940529
721, 1266940537
722, 1266940545
723, 1266940553
724, 1266940561
725, 126694057X
726, 1266940588
727, 1266940596
728, 126694060X
729, 1266940618
730, 1266940626
731, 1266940634
