1, 1266940863
2, 1266940871
3, 126694088X
4, 1266940898
5, 1266940901
6, 126694091X
7, 1266940928
8, 1266940936
9, 1266940944
10, 1266940952
11, 1266940960
12, 1266940979
13, 1266940987
14, 1266940995
15, 1266941010
16, 1266941029
17, 1266941037
18, 1266941045
19, 1266941053
20, 1266941061
21, 126694107X
22, 1266941088
23, 1266941096
24, 126694110X
25, 1266941118
26, 1266941126
27, 1266941134
28, 1266941142
29, 1266941150
30, 1266941169
31, 1266941177
32, 1266941185
33, 1266941193
34, 1266941207
35, 1266941215
36, 1266941223
37, 1266941231
38, 126694124X
39, 1266941258
40, 1266941266
41, 1266941274
42, 1266941282
43, 1266941290
44, 1266941304
45, 1266941312
46, 1266941320
47, 1266941339
48, 1266941347
49, 1266941355
50, 1266941363
51, 1266941371
52, 126694138X
53, 1266941398
54, 1266941401
55, 126694141X
56, 1266941428
57, 1266941436
58, 1266941444
59, 1266941452
60, 1266941460
61, 1266941479
62, 1266941487
63, 1266941495
64, 1266941509
65, 1266941517
66, 1266941525
67, 1266941533
68, 1266941541
69, 126694155X
70, 1266941568
71, 1266941576
72, 1266941584
73, 1266941592
74, 1266941606
75, 1266941614
76, 1266941622
77, 1266941630
78, 1266941649
79, 1266941657
80, 1266941665
81, 1266941673
82, 1266941681
83, 1266941703
84, 1266941711
85, 126694172X
86, 1266941738
87, 1266941746
88, 1266941754
89, 1266941762
90, 1266941770
91, 1266941789
92, 1266941797
93, 1266941800
94, 1266941819
95, 1266941827
96, 1266941835
97, 1266941843
98, 1266941851
99, 126694186X
100, 1266941878
101, 1266941886
102, 1266941894
103, 1266941908
104, 1266941916
105, 1266941924
106, 1266941932
107, 1266941940
108, 1266941959
109, 1266941967
110, 1266941975
111, 1266941983
112, 1266941991
113, 1266942009
114, 1266942017
115, 1266942025
116, 1266942033
117, 1266942041
118, 126694205X
119, 1266942068
120, 1266942076
121, 1266942084
122, 1266942092
123, 1266942106
124, 1266942114
125, 1266942122
126, 1266942130
127, 1266942149
128, 1266942157
129, 1266942165
130, 1266942173
131, 1266942181
132, 126694219X
133, 1266942203
134, 1266942211
135, 126694222X
136, 1266942238
137, 1266942246
138, 1266942254
139, 1266942262
140, 1266942270
141, 1266942289
142, 1266942300
143, 1266942319
144, 1266942327
145, 1266942335
146, 1266942343
147, 1266942351
148, 126694236X
149, 1266942378
150, 1266942386
151, 1266942394
152, 1266942408
153, 1266942424
154, 1266942432
155, 1266942440
156, 1266942459
157, 1266942467
158, 1266942475
159, 1266942483
160, 1266942491
161, 1266942505
162, 1266942513
163, 1266942521
164, 126694253X
165, 1266942548
166, 1266942556
167, 1266942564
168, 1266942572
169, 1266942580
170, 1266942599
171, 1266942602
172, 1266942610
173, 1266942629
174, 1266942637
175, 1266942645
176, 1266942653
177, 1266942661
178, 126694267X
179, 1266942688
180, 1266942696
181, 126694270X
182, 1266942718
183, 1266942726
184, 1266942734
185, 1266942742
186, 1266942750
187, 1266942769
188, 1266942777
189, 1266942785
190, 1266942793
191, 1266942807
192, 1266942815
193, 1266942823
194, 1266942831
195, 126694284X
196, 1266942858
197, 1266942866
198, 1266942874
199, 1266942882
200, 1266942890
201, 1266942904
202, 1266942912
203, 1266942920
204, 1266942939
205, 1266942947
206, 1266942955
207, 1266942963
208, 1266942971
209, 126694298X
210, 1266942998
211, 1266943005
212, 1266943013
213, 1266943021
214, 126694303X
215, 1266943048
216, 1266943056
217, 1266943064
218, 1266943072
219, 1266943080
220, 1266943099
221, 1266943102
222, 1266943110
223, 1266943137
224, 1266943145
225, 1266943153
226, 1266943161
227, 126694317X
228, 1266943188
229, 1266943196
230, 126694320X
231, 1266943218
232, 1266943234
233, 1266943242
234, 1266943250
235, 1266943269
236, 1266943277
237, 1266943285
238, 1266943293
239, 1266943307
240, 1266943315
241, 1266943323
242, 1266943331
243, 126694334X
244, 1266943358
245, 1266943366
246, 1266943374
247, 1266943382
248, 1266943390
249, 1266943404
250, 1266943412
251, 1266943420
252, 1266943439
253, 1266943447
254, 1266943455
255, 1266943463
256, 1266943471
257, 126694348X
258, 1266943498
259, 1266943501
260, 126694351X
261, 1266943528
262, 1266943536
263, 1266943544
264, 1266943552
265, 1266943560
266, 1266943579
267, 1266943587
268, 1266943595
269, 1266943609
270, 1266943617
271, 1266943625
272, 1266943633
273, 1266943641
274, 126694365X
275, 1266943668
276, 1266943676
277, 1266943684
278, 1266943692
279, 1266943706
280, 1266943714
281, 1266943722
282, 1266943730
283, 1266943749
284, 1266943757
