1, 1266926720
2, 1266926739
3, 1266926747
4, 1266926755
5, 1266926763
6, 1266926771
7, 126692678X
8, 1266926798
9, 1266926801
10, 126692681X
11, 1266926828
12, 1266926836
13, 1266926844
14, 1266926852
15, 1266926860
16, 1266926879
17, 1266926887
18, 1266926895
19, 1266926909
20, 1266926917
21, 1266926925
22, 1266926933
23, 126692695X
24, 1266926968
25, 1266926984
26, 1266926992
27, 126692700X
28, 1266927018
29, 1266927026
30, 1266927034
31, 1266927042
32, 1266927069
33, 1266927077
34, 1266927085
35, 1266927107
36, 1266927115
37, 1266927123
38, 1266927131
39, 126692714X
40, 1266927158
41, 1266927166
42, 1266927174
43, 1266927182
44, 1266927190
45, 1266927204
46, 1266927212
47, 1266927220
48, 1266927239
49, 1266927247
50, 1266927255
51, 1266927263
52, 1266927271
53, 126692728X
54, 1266927298
55, 1266927301
56, 126692731X
57, 1266927328
58, 1266927336
59, 1266927344
60, 1266927352
61, 1266927360
62, 1266927379
63, 1266927387
64, 1266927395
65, 1266927409
66, 1266927417
67, 1266927425
68, 1266927433
69, 1266927441
70, 126692745X
71, 1266927468
72, 1266927476
73, 1266927484
74, 1266927492
75, 1266927506
76, 1266927514
77, 1266927522
78, 1266927530
79, 1266927549
80, 1266927557
81, 1266927565
82, 1266927573
83, 1266927581
84, 126692759X
85, 1266927603
86, 1266927611
87, 126692762X
88, 1266927638
89, 1266927646
90, 1266927654
91, 1266927662
92, 1266927670
93, 1266927689
94, 1266927700
95, 1266927719
96, 1266927727
97, 1266927735
98, 1266927751
99, 126692776X
100, 1266927778
101, 1266927786
102, 1266927794
103, 1266927808
104, 1266927816
105, 1266927824
106, 1266927832
107, 1266927840
108, 1266927867
109, 1266927875
110, 1266927883
111, 1266927891
112, 1266927905
113, 1266927913
114, 1266927921
115, 126692793X
116, 1266927948
117, 1266927956
118, 1266927964
119, 1266927972
120, 1266927980
121, 1266927999
122, 1266928006
123, 1266928014
124, 1266928022
125, 1266928030
126, 1266928049
127, 1266928057
128, 1266928065
129, 1266928073
130, 1266928081
131, 126692809X
132, 1266928103
133, 1266928111
134, 126692812X
135, 1266928138
136, 1266928146
137, 1266928154
138, 1266928162
139, 1266928170
140, 1266928189
141, 1266928197
142, 1266928200
143, 1266928219
144, 1266928227
145, 1266928235
146, 1266928243
147, 1266928251
148, 126692826X
149, 1266928278
150, 1266928286
151, 1266928294
152, 1266928308
153, 1266928316
154, 1266928324
155, 1266928332
156, 1266928359
157, 1266928367
158, 1266928375
159, 1266928383
160, 1266928391
161, 1266928405
162, 1266928413
163, 1266928421
164, 126692843X
165, 1266928448
166, 1266928456
167, 1266928464
168, 1266928472
169, 1266928480
170, 1266928499
171, 1266928502
172, 1266928510
173, 1266928529
174, 1266928537
175, 1266928545
176, 1266928553
177, 1266928561
178, 126692857X
179, 1266928588
180, 1266928596
181, 126692860X
182, 1266928618
183, 1266928626
184, 1266928634
185, 1266928642
186, 1266928650
187, 1266928669
188, 1266928677
189, 1266928685
190, 1266928693
191, 1266928707
192, 1266928723
193, 1266928731
194, 126692874X
195, 1266928758
196, 1266928766
197, 1266928774
198, 1266928782
199, 1266928790
200, 1266928804
201, 1266928812
202, 1266928820
203, 1266928839
204, 1266928847
205, 1266928855
206, 1266928863
207, 1266928871
208, 126692888X
209, 1266928898
210, 1266928901
211, 126692891X
212, 1266928928
213, 1266928936
214, 1266928944
215, 1266928952
216, 1266928960
217, 1266928979
218, 1266928987
219, 1266928995
220, 1266929010
221, 1266929029
222, 1266929037
223, 1266929045
224, 1266929053
225, 1266929061
226, 126692907X
227, 1266929088
228, 1266929096
229, 126692910X
230, 1266929118
231, 1266929126
232, 1266929134
233, 1266929150
234, 1266929169
235, 1266929177
236, 1266929185
237, 1266929193
238, 1266929207
239, 1266929215
240, 1266929231
241, 126692924X
242, 1266929258
243, 1266929266
244, 1266929274
245, 1266929282
246, 1266929290
247, 1266929304
248, 1266929312
249, 1266929320
250, 1266929339
251, 1266929347
252, 1266929355
253, 1266929363
254, 1266929371
255, 126692938X
256, 1266929398
257, 1266929401
258, 126692941X
259, 1266929428
260, 1266929436
261, 1266929444
262, 1266929452
263, 1266929460
264, 1266929479
265, 1266929487
266, 1266929495
267, 1266929509
268, 1266929517
269, 1266929525
270, 1266929533
271, 126692955X
272, 1266929568
273, 1266929576
274, 1266929584
275, 1266929592
276, 1266929606
277, 1266929614
278, 1266929622
279, 1266929630
280, 1266929649
281, 1266929657
282, 1266929665
283, 1266929673
284, 1266929681
285, 126692969X
286, 1266929703
287, 1266929711
288, 126692972X
289, 1266929738
290, 1266929746
291, 1266929754
292, 1266929762
293, 1266929770
294, 1266929789
295, 1266929797
296, 1266929800
297, 1266929819
298, 1266929827
299, 1266929835
300, 1266929843
301, 1266929851
302, 126692986X
303, 1266929878
304, 1266929886
305, 1266929894
306, 1266929908
307, 1266929916
308, 1266929924
309, 1266929932
310, 1266929940
311, 1266929959
312, 1266929967
313, 1266929975
314, 1266929983
315, 1266929991
316, 1266930000
317, 1266930019
318, 1266930027
319, 1266930035
320, 1266930043
321, 1266930051
322, 126693006X
323, 1266930086
324, 1266930094
325, 1266930108
326, 1266930116
327, 1266930124
328, 1266930132
329, 1266930140
330, 1266930159
331, 1266930167
332, 1266930175
333, 1266930183
334, 1266930191
335, 1266930205
336, 1266930213
337, 126693023X
338, 1266930248
339, 1266930256
340, 1266930264
341, 1266930272
342, 1266930280
343, 1266930299
344, 1266930302
345, 1266930310
346, 1266930329
347, 1266930337
348, 1266930345
349, 1266930353
350, 1266930361
351, 126693037X
352, 1266930388
353, 1266930396
354, 126693040X
355, 1266930418
356, 1266930426
357, 1266930434
358, 1266930442
359, 1266930450
360, 1266930469
361, 1266930477
362, 1266930485
363, 1266930493
364, 1266930507
365, 1266930515
366, 1266930523
367, 1266930531
368, 126693054X
369, 1266930558
370, 1266930566
371, 1266930574
372, 1266930582
373, 1266930590
374, 1266930604
375, 1266930612
376, 1266930620
377, 1266930639
378, 1266930647
379, 1266930655
380, 1266930663
381, 1266930671
382, 126693068X
383, 1266930698
384, 1266930701
385, 126693071X
386, 1266930728
387, 1266930736
388, 1266930744
389, 1266930752
390, 1266930760
391, 1266930779
392, 1266930787
393, 1266930795
394, 1266930809
395, 1266930817
396, 1266930825
397, 1266930833
398, 1266930841
399, 126693085X
400, 1266930868
401, 1266930876
402, 1266930884
403, 1266930892
404, 1266930906
405, 1266930914
406, 1266930922
407, 1266930930
408, 1266930949
409, 1266930957
410, 1266930973
411, 126693099X
412, 1266931007
413, 1266931015
414, 1266931023
415, 1266931031
416, 126693104X
417, 1266931058
418, 1266931066
419, 1266931074
420, 1266931082
421, 1266931090
422, 1266931104
423, 1266931112
424, 1266931120
425, 1266931139
426, 1266931147
427, 1266931155
428, 1266931163
429, 1266931171
430, 126693118X
431, 1266931198
432, 1266931201
433, 126693121X
434, 1266931228
435, 1266931236
436, 1266931244
437, 1266931252
438, 1266931260
439, 1266931279
440, 1266931287
441, 1266931295
442, 1266931309
443, 1266931317
444, 1266931325
445, 1266931333
446, 1266931341
447, 126693135X
448, 1266931368
449, 1266931376
450, 1266931384
451, 1266931392
452, 1266931406
453, 1266931414
454, 1266931422
455, 1266931430
456, 1266931449
457, 1266931457
458, 1266931465
459, 1266931473
460, 1266931481
461, 126693149X
462, 1266931503
463, 1266931511
464, 126693152X
465, 1266931538
466, 1266931546
467, 1266931554
468, 1266931562
469, 1266931570
470, 1266931589
471, 1266931597
472, 1266931600
473, 1266931619
